<?xml version="1.0" encoding="UTF-8"?>
<testng-results ignored="0" total="1" passed="1" failed="0" skipped="0">
  <reporter-output>
  </reporter-output>
  <suite started-at="2024-11-12T18:49:20 GST" name="Default suite" finished-at="2024-11-12T18:52:24 GST" duration-ms="183503">
    <groups>
    </groups>
    <test started-at="2024-11-12T18:49:20 GST" name="Default test" finished-at="2024-11-12T18:52:24 GST" duration-ms="183503">
      <class name="MyTestCases">
        <test-method is-config="true" signature="mySetup()[pri:0, instance:MyTestCases@478190fc]" started-at="2024-11-12T18:49:20 GST" name="mySetup" finished-at="2024-11-12T18:49:20 GST" duration-ms="57" status="PASS">
          <reporter-output>
          </reporter-output>
        </test-method> <!-- mySetup -->
        <test-method signature="FirstTest()[pri:0, instance:MyTestCases@478190fc]" started-at="2024-11-12T18:49:20 GST" name="FirstTest" finished-at="2024-11-12T18:52:24 GST" duration-ms="183342" status="PASS">
          <reporter-output>
          </reporter-output>
        </test-method> <!-- FirstTest -->
      </class> <!-- MyTestCases -->
    </test> <!-- Default test -->
  </suite> <!-- Default suite -->
</testng-results>
