<?xml version="1.0" encoding="UTF-8"?>
<testng-results ignored="1" total="2" passed="1" failed="0" skipped="0">
  <reporter-output>
  </reporter-output>
  <suite started-at="2024-11-18T14:13:06 GST" name="Default suite" finished-at="2024-11-18T14:21:12 GST" duration-ms="486416">
    <groups>
    </groups>
    <test started-at="2024-11-18T14:13:06 GST" name="Default test" finished-at="2024-11-18T14:21:12 GST" duration-ms="486416">
      <class name="MyTestCases">
        <test-method is-config="true" signature="mySetup()[pri:0, instance:MyTestCases@1189dd52]" started-at="2024-11-18T14:13:06 GST" name="mySetup" finished-at="2024-11-18T14:13:06 GST" duration-ms="32" status="PASS">
          <reporter-output>
          </reporter-output>
        </test-method> <!-- mySetup -->
        <test-method signature="addTwoNumbers()[pri:1, instance:MyTestCases@1189dd52]" started-at="2024-11-18T14:13:06 GST" name="addTwoNumbers" finished-at="2024-11-18T14:21:11 GST" duration-ms="485183" status="PASS">
          <reporter-output>
          </reporter-output>
        </test-method> <!-- addTwoNumbers -->
      </class> <!-- MyTestCases -->
    </test> <!-- Default test -->
  </suite> <!-- Default suite -->
</testng-results>
